v ATLAS
# This file was created by ATLAS version 5.26.1.R on Thu Sep 17 12:58:30 2020.
#SSF 2.0 generic
##############################################################################
#                    Copyright (c) 1984 - 2018                               #
#                    Silvaco Inc. All rights reserved                        #
#                                                                            #
# This file format and the following Key are copyright Silvaco Inc.          #
# You may not use, this format or key without reproducing this message in    #
# full and obtaining express written permission from Silvaco Inc.            #
#                                                                            #
# To obtain such permission please contact: Silvaco Inc.                     #
#                                           support@silvaco.com              #
#                                                                            #
# KEY=SVC86hn7562asdx                       PROD=345                         #
##############################################################################
y 3 700 711 15
z 5 0.105263 300
f 4 "source" "drain" "bulk" "gate" 
p 12 2 601 20 3 602 21 4 603 22 5 604 23 
d 0.000000000e+000 0.000000000e+000 -2.673478117e-017 0.000000000e+000 0.000000000e+000 1.336739059e-017 0.000000000e+000 0.000000000e+000 6.004372568e-021 0.000000000e+000 0.000000000e+000 0.000000000e+000 
d 0.000000000e+000 0.000000000e+000 -7.339037265e-010 5.000000000e-001 5.000000000e-001 7.339194966e-010 0.000000000e+000 0.000000000e+000 -1.554902693e-014 0.000000000e+000 0.000000000e+000 0.000000000e+000 
d 0.000000000e+000 0.000000000e+000 -8.002239963e-010 1.000000000e+000 1.000000000e+000 8.002447726e-010 0.000000000e+000 0.000000000e+000 -2.285378506e-014 0.000000000e+000 0.000000000e+000 0.000000000e+000 
d 0.000000000e+000 0.000000000e+000 -8.563073314e-010 1.500000000e+000 1.500000000e+000 8.563349885e-010 0.000000000e+000 0.000000000e+000 -2.873333133e-014 0.000000000e+000 0.000000000e+000 0.000000000e+000 
d 0.000000000e+000 0.000000000e+000 -9.073661249e-010 2.000000000e+000 2.000000000e+000 9.074002084e-010 0.000000000e+000 0.000000000e+000 -3.394399866e-014 0.000000000e+000 0.000000000e+000 0.000000000e+000 
d 0.000000000e+000 0.000000000e+000 -9.560411785e-010 2.500000000e+000 2.500000000e+000 9.560793658e-010 0.000000000e+000 0.000000000e+000 -3.867201004e-014 0.000000000e+000 0.000000000e+000 0.000000000e+000 
d 0.000000000e+000 0.000000000e+000 -1.003481292e-009 3.000000000e+000 3.000000000e+000 1.003523767e-009 0.000000000e+000 0.000000000e+000 -4.305657540e-014 0.000000000e+000 0.000000000e+000 0.000000000e+000 
d 0.000000000e+000 0.000000000e+000 -1.050307355e-009 3.500000000e+000 3.500000000e+000 1.050350051e-009 0.000000000e+000 0.000000000e+000 -4.720898518e-014 0.000000000e+000 0.000000000e+000 0.000000000e+000 
d 0.000000000e+000 0.000000000e+000 -1.096941452e-009 4.000000000e+000 4.000000000e+000 1.096991049e-009 0.000000000e+000 0.000000000e+000 -5.115764056e-014 0.000000000e+000 0.000000000e+000 0.000000000e+000 
d 0.000000000e+000 0.000000000e+000 -1.143699385e-009 4.500000000e+000 4.500000000e+000 1.143755180e-009 0.000000000e+000 0.000000000e+000 -5.495329170e-014 0.000000000e+000 0.000000000e+000 0.000000000e+000 
d 0.000000000e+000 0.000000000e+000 -1.190831270e-009 5.000000000e+000 5.000000000e+000 1.190890347e-009 0.000000000e+000 0.000000000e+000 -5.860253326e-014 0.000000000e+000 0.000000000e+000 0.000000000e+000 
d 0.000000000e+000 0.000000000e+000 -1.238544537e-009 5.500000000e+000 5.500000000e+000 1.238609262e-009 0.000000000e+000 0.000000000e+000 -6.209544559e-014 0.000000000e+000 0.000000000e+000 0.000000000e+000 
d 0.000000000e+000 0.000000000e+000 -1.287015881e-009 6.000000000e+000 6.000000000e+000 1.287083604e-009 0.000000000e+000 0.000000000e+000 -6.545384235e-014 0.000000000e+000 0.000000000e+000 0.000000000e+000 
d 0.000000000e+000 0.000000000e+000 -1.336399644e-009 6.500000000e+000 6.500000000e+000 1.336467647e-009 0.000000000e+000 0.000000000e+000 -6.871552009e-014 0.000000000e+000 0.000000000e+000 0.000000000e+000 
d 0.000000000e+000 0.000000000e+000 -1.386834825e-009 7.000000000e+000 7.000000000e+000 1.386908082e-009 0.000000000e+000 0.000000000e+000 -7.190116433e-014 0.000000000e+000 0.000000000e+000 0.000000000e+000 
d 0.000000000e+000 0.000000000e+000 -1.438449198e-009 7.500000000e+000 7.500000000e+000 1.438525114e-009 0.000000000e+000 0.000000000e+000 -7.501733694e-014 0.000000000e+000 0.000000000e+000 0.000000000e+000 
d 0.000000000e+000 0.000000000e+000 -1.491364177e-009 8.000000000e+000 8.000000000e+000 1.491443579e-009 0.000000000e+000 0.000000000e+000 -7.807106616e-014 0.000000000e+000 0.000000000e+000 0.000000000e+000 
d 0.000000000e+000 0.000000000e+000 -1.545696615e-009 8.500000000e+000 8.500000000e+000 1.545779643e-009 0.000000000e+000 0.000000000e+000 -8.106799104e-014 0.000000000e+000 0.000000000e+000 0.000000000e+000 
d 0.000000000e+000 0.000000000e+000 -1.601560978e-009 9.000000000e+000 9.000000000e+000 1.601643231e-009 0.000000000e+000 0.000000000e+000 -8.401328800e-014 0.000000000e+000 0.000000000e+000 0.000000000e+000 
d 0.000000000e+000 0.000000000e+000 -1.659071222e-009 9.500000000e+000 9.500000000e+000 1.659159417e-009 0.000000000e+000 0.000000000e+000 -8.691243518e-014 0.000000000e+000 0.000000000e+000 0.000000000e+000 
d 0.000000000e+000 0.000000000e+000 -1.718341610e-009 1.000000000e+001 1.000000000e+001 1.718431426e-009 0.000000000e+000 0.000000000e+000 -8.976736660e-014 0.000000000e+000 0.000000000e+000 0.000000000e+000 
