v ATLAS
# This file was created by ATLAS version 5.26.1.R on Thu Sep 17 13:00:06 2020.
#SSF 2.0 generic
##############################################################################
#                    Copyright (c) 1984 - 2018                               #
#                    Silvaco Inc. All rights reserved                        #
#                                                                            #
# This file format and the following Key are copyright Silvaco Inc.          #
# You may not use, this format or key without reproducing this message in    #
# full and obtaining express written permission from Silvaco Inc.            #
#                                                                            #
# To obtain such permission please contact: Silvaco Inc.                     #
#                                           support@silvaco.com              #
#                                                                            #
# KEY=SVC86hn7562asdx                       PROD=345                         #
##############################################################################
y 3 700 711 15
z 5 0.105263 300
f 4 "source" "drain" "bulk" "gate" 
p 12 2 601 20 3 602 21 4 603 22 5 604 23 
d 0.000000000e+000 0.000000000e+000 -3.994620423e-035 0.000000000e+000 0.000000000e+000 4.010217176e-017 0.000000000e+000 0.000000000e+000 3.166656720e-020 1.000000000e+000 1.000000000e+000 0.000000000e+000 
d 0.000000000e+000 0.000000000e+000 -3.007662882e-017 0.000000000e+000 0.000000000e+000 2.005108588e-017 0.000000000e+000 0.000000000e+000 -1.886724997e-021 2.000000000e+000 2.000000000e+000 0.000000000e+000 
d 0.000000000e+000 0.000000000e+000 -6.690537173e-006 5.000000000e-001 5.000000000e-001 6.690537197e-006 0.000000000e+000 0.000000000e+000 -2.370369885e-014 2.000000000e+000 2.000000000e+000 0.000000000e+000 
d 0.000000000e+000 0.000000000e+000 -1.048831553e-005 1.000000000e+000 1.000000000e+000 1.048831557e-005 0.000000000e+000 0.000000000e+000 -3.642531258e-014 2.000000000e+000 2.000000000e+000 0.000000000e+000 
d 0.000000000e+000 0.000000000e+000 -1.194571896e-005 1.500000000e+000 1.500000000e+000 1.194571900e-005 0.000000000e+000 0.000000000e+000 -4.449877566e-014 2.000000000e+000 2.000000000e+000 0.000000000e+000 
d 0.000000000e+000 0.000000000e+000 -1.252250628e-005 2.000000000e+000 2.000000000e+000 1.252250633e-005 0.000000000e+000 0.000000000e+000 -5.023241857e-014 2.000000000e+000 2.000000000e+000 0.000000000e+000 
d 0.000000000e+000 0.000000000e+000 -1.293615838e-005 2.500000000e+000 2.500000000e+000 1.293615844e-005 0.000000000e+000 0.000000000e+000 -5.516026513e-014 2.000000000e+000 2.000000000e+000 0.000000000e+000 
d 0.000000000e+000 0.000000000e+000 -1.327700286e-005 3.000000000e+000 3.000000000e+000 1.327700292e-005 0.000000000e+000 0.000000000e+000 -5.953350620e-014 2.000000000e+000 2.000000000e+000 0.000000000e+000 
d 0.000000000e+000 0.000000000e+000 -1.357684687e-005 3.500000000e+000 3.500000000e+000 1.357684693e-005 0.000000000e+000 0.000000000e+000 -6.355748396e-014 2.000000000e+000 2.000000000e+000 0.000000000e+000 
d 0.000000000e+000 0.000000000e+000 -1.385010357e-005 4.000000000e+000 4.000000000e+000 1.385010363e-005 0.000000000e+000 0.000000000e+000 -6.734511414e-014 2.000000000e+000 2.000000000e+000 0.000000000e+000 
d 0.000000000e+000 0.000000000e+000 -1.410348231e-005 4.500000000e+000 4.500000000e+000 1.410348239e-005 0.000000000e+000 0.000000000e+000 -7.094008182e-014 2.000000000e+000 2.000000000e+000 0.000000000e+000 
d 0.000000000e+000 0.000000000e+000 -1.434123968e-005 5.000000000e+000 5.000000000e+000 1.434123976e-005 0.000000000e+000 0.000000000e+000 -7.436906756e-014 2.000000000e+000 2.000000000e+000 0.000000000e+000 
d 0.000000000e+000 0.000000000e+000 -1.456636070e-005 5.500000000e+000 5.500000000e+000 1.456636078e-005 0.000000000e+000 0.000000000e+000 -7.761332868e-014 2.000000000e+000 2.000000000e+000 0.000000000e+000 
d 0.000000000e+000 0.000000000e+000 -1.478102993e-005 6.000000000e+000 6.000000000e+000 1.478103001e-005 0.000000000e+000 0.000000000e+000 -8.069403315e-014 2.000000000e+000 2.000000000e+000 0.000000000e+000 
d 0.000000000e+000 0.000000000e+000 -1.498689620e-005 6.500000000e+000 6.500000000e+000 1.498689628e-005 0.000000000e+000 0.000000000e+000 -8.364007426e-014 2.000000000e+000 2.000000000e+000 0.000000000e+000 
d 0.000000000e+000 0.000000000e+000 -1.518523561e-005 7.000000000e+000 7.000000000e+000 1.518523571e-005 0.000000000e+000 0.000000000e+000 -8.649456441e-014 2.000000000e+000 2.000000000e+000 0.000000000e+000 
d 0.000000000e+000 0.000000000e+000 -1.537705569e-005 7.500000000e+000 7.500000000e+000 1.537705578e-005 0.000000000e+000 0.000000000e+000 -8.926541657e-014 2.000000000e+000 2.000000000e+000 0.000000000e+000 
d 0.000000000e+000 0.000000000e+000 -1.556316616e-005 8.000000000e+000 8.000000000e+000 1.556316625e-005 0.000000000e+000 0.000000000e+000 -9.196393233e-014 2.000000000e+000 2.000000000e+000 0.000000000e+000 
d 0.000000000e+000 0.000000000e+000 -1.574422954e-005 8.500000000e+000 8.500000000e+000 1.574422963e-005 0.000000000e+000 0.000000000e+000 -9.460142000e-014 2.000000000e+000 2.000000000e+000 0.000000000e+000 
d 0.000000000e+000 0.000000000e+000 -1.592079752e-005 9.000000000e+000 9.000000000e+000 1.592079761e-005 0.000000000e+000 0.000000000e+000 -9.717397263e-014 2.000000000e+000 2.000000000e+000 0.000000000e+000 
d 0.000000000e+000 0.000000000e+000 -1.609333611e-005 9.500000000e+000 9.500000000e+000 1.609333622e-005 0.000000000e+000 0.000000000e+000 -9.969697300e-014 2.000000000e+000 2.000000000e+000 0.000000000e+000 
d 0.000000000e+000 0.000000000e+000 -1.626224290e-005 1.000000000e+001 1.000000000e+001 1.626224301e-005 0.000000000e+000 0.000000000e+000 -1.021785995e-013 2.000000000e+000 2.000000000e+000 0.000000000e+000 
