v ATLAS
# This file was created by ATLAS version 5.26.1.R on Thu Sep 17 13:02:36 2020.
#SSF 2.0 generic
##############################################################################
#                    Copyright (c) 1984 - 2018                               #
#                    Silvaco Inc. All rights reserved                        #
#                                                                            #
# This file format and the following Key are copyright Silvaco Inc.          #
# You may not use, this format or key without reproducing this message in    #
# full and obtaining express written permission from Silvaco Inc.            #
#                                                                            #
# To obtain such permission please contact: Silvaco Inc.                     #
#                                           support@silvaco.com              #
#                                                                            #
# KEY=SVC86hn7562asdx                       PROD=345                         #
##############################################################################
y 3 700 711 15
z 5 0.105263 300
f 4 "source" "drain" "bulk" "gate" 
p 12 2 601 20 3 602 21 4 603 22 5 604 23 
d 0.000000000e+000 0.000000000e+000 -3.994620423e-035 0.000000000e+000 0.000000000e+000 4.010217176e-017 0.000000000e+000 0.000000000e+000 3.166656720e-020 1.000000000e+000 1.000000000e+000 0.000000000e+000 
d 0.000000000e+000 0.000000000e+000 -3.007662882e-017 0.000000000e+000 0.000000000e+000 2.005108588e-017 0.000000000e+000 0.000000000e+000 -1.886724997e-021 2.000000000e+000 2.000000000e+000 0.000000000e+000 
d 0.000000000e+000 0.000000000e+000 -6.683695293e-018 0.000000000e+000 0.000000000e+000 3.007662882e-017 0.000000000e+000 0.000000000e+000 -8.158812286e-022 4.000000000e+000 4.000000000e+000 0.000000000e+000 
d 0.000000000e+000 0.000000000e+000 -1.553542123e-005 5.000000000e-001 5.000000000e-001 1.553542125e-005 0.000000000e+000 0.000000000e+000 -2.411537648e-014 4.000000000e+000 4.000000000e+000 0.000000000e+000 
d 0.000000000e+000 0.000000000e+000 -2.764771354e-005 1.000000000e+000 1.000000000e+000 2.764771358e-005 0.000000000e+000 0.000000000e+000 -3.819989367e-014 4.000000000e+000 4.000000000e+000 0.000000000e+000 
d 0.000000000e+000 0.000000000e+000 -3.615523280e-005 1.500000000e+000 1.500000000e+000 3.615523285e-005 0.000000000e+000 0.000000000e+000 -4.893952902e-014 4.000000000e+000 4.000000000e+000 0.000000000e+000 
d 0.000000000e+000 0.000000000e+000 -4.124926281e-005 2.000000000e+000 2.000000000e+000 4.124926287e-005 0.000000000e+000 0.000000000e+000 -5.723725630e-014 4.000000000e+000 4.000000000e+000 0.000000000e+000 
d 0.000000000e+000 0.000000000e+000 -4.368021167e-005 2.500000000e+000 2.500000000e+000 4.368021174e-005 0.000000000e+000 0.000000000e+000 -6.338558838e-014 4.000000000e+000 4.000000000e+000 0.000000000e+000 
d 0.000000000e+000 0.000000000e+000 -4.494997367e-005 3.000000000e+000 3.000000000e+000 4.494997374e-005 0.000000000e+000 0.000000000e+000 -6.819402706e-014 4.000000000e+000 4.000000000e+000 0.000000000e+000 
d 0.000000000e+000 0.000000000e+000 -4.588974343e-005 3.500000000e+000 3.500000000e+000 4.588974350e-005 0.000000000e+000 0.000000000e+000 -7.242741231e-014 4.000000000e+000 4.000000000e+000 0.000000000e+000 
d 0.000000000e+000 0.000000000e+000 -4.666636836e-005 4.000000000e+000 4.000000000e+000 4.666636844e-005 0.000000000e+000 0.000000000e+000 -7.632458706e-014 4.000000000e+000 4.000000000e+000 0.000000000e+000 
d 0.000000000e+000 0.000000000e+000 -4.734903967e-005 4.500000000e+000 4.500000000e+000 4.734903975e-005 0.000000000e+000 0.000000000e+000 -7.999258878e-014 4.000000000e+000 4.000000000e+000 0.000000000e+000 
d 0.000000000e+000 0.000000000e+000 -4.796847645e-005 5.000000000e+000 5.000000000e+000 4.796847653e-005 0.000000000e+000 0.000000000e+000 -8.348447618e-014 4.000000000e+000 4.000000000e+000 0.000000000e+000 
d 0.000000000e+000 0.000000000e+000 -4.853936555e-005 5.500000000e+000 5.500000000e+000 4.853936564e-005 0.000000000e+000 0.000000000e+000 -8.680636599e-014 4.000000000e+000 4.000000000e+000 0.000000000e+000 
d 0.000000000e+000 0.000000000e+000 -4.907145746e-005 6.000000000e+000 6.000000000e+000 4.907145756e-005 0.000000000e+000 0.000000000e+000 -8.993687344e-014 4.000000000e+000 4.000000000e+000 0.000000000e+000 
d 0.000000000e+000 0.000000000e+000 -4.957172799e-005 6.500000000e+000 6.500000000e+000 4.957172808e-005 0.000000000e+000 0.000000000e+000 -9.292653314e-014 4.000000000e+000 4.000000000e+000 0.000000000e+000 
d 0.000000000e+000 0.000000000e+000 -5.004533722e-005 7.000000000e+000 7.000000000e+000 5.004533731e-005 0.000000000e+000 0.000000000e+000 -9.579726872e-014 4.000000000e+000 4.000000000e+000 0.000000000e+000 
d 0.000000000e+000 0.000000000e+000 -5.049621241e-005 7.500000000e+000 7.500000000e+000 5.049621251e-005 0.000000000e+000 0.000000000e+000 -9.856674523e-014 4.000000000e+000 4.000000000e+000 0.000000000e+000 
d 0.000000000e+000 0.000000000e+000 -5.092743227e-005 8.000000000e+000 8.000000000e+000 5.092743237e-005 0.000000000e+000 0.000000000e+000 -1.012609959e-013 4.000000000e+000 4.000000000e+000 0.000000000e+000 
d 0.000000000e+000 0.000000000e+000 -5.134146573e-005 8.500000000e+000 8.500000000e+000 5.134146584e-005 0.000000000e+000 0.000000000e+000 -1.038689202e-013 4.000000000e+000 4.000000000e+000 0.000000000e+000 
d 0.000000000e+000 0.000000000e+000 -5.174032075e-005 9.000000000e+000 9.000000000e+000 5.174032086e-005 0.000000000e+000 0.000000000e+000 -1.064125262e-013 4.000000000e+000 4.000000000e+000 0.000000000e+000 
d 0.000000000e+000 0.000000000e+000 -5.212565228e-005 9.500000000e+000 9.500000000e+000 5.212565239e-005 0.000000000e+000 0.000000000e+000 -1.088938233e-013 4.000000000e+000 4.000000000e+000 0.000000000e+000 
d 0.000000000e+000 0.000000000e+000 -5.249884342e-005 1.000000000e+001 1.000000000e+001 5.249884353e-005 0.000000000e+000 0.000000000e+000 -1.113167842e-013 4.000000000e+000 4.000000000e+000 0.000000000e+000 
