v ATLAS
# This file was created by ATLAS version 5.26.1.R on Thu Sep 17 13:01:23 2020.
#SSF 2.0 generic
##############################################################################
#                    Copyright (c) 1984 - 2018                               #
#                    Silvaco Inc. All rights reserved                        #
#                                                                            #
# This file format and the following Key are copyright Silvaco Inc.          #
# You may not use, this format or key without reproducing this message in    #
# full and obtaining express written permission from Silvaco Inc.            #
#                                                                            #
# To obtain such permission please contact: Silvaco Inc.                     #
#                                           support@silvaco.com              #
#                                                                            #
# KEY=SVC86hn7562asdx                       PROD=345                         #
##############################################################################
y 3 700 711 15
z 5 0.105263 300
f 4 "source" "drain" "bulk" "gate" 
p 12 2 601 20 3 602 21 4 603 22 5 604 23 
d 0.000000000e+000 0.000000000e+000 -2.005108588e-017 0.000000000e+000 0.000000000e+000 2.339293353e-017 0.000000000e+000 0.000000000e+000 -6.374068536e-022 3.750000000e-001 3.750000000e-001 0.000000000e+000 
d 0.000000000e+000 0.000000000e+000 -2.673478117e-017 0.000000000e+000 0.000000000e+000 3.341847647e-017 0.000000000e+000 0.000000000e+000 -2.651613712e-021 7.500000000e-001 7.500000000e-001 0.000000000e+000 
d 0.000000000e+000 0.000000000e+000 1.670923823e-017 0.000000000e+000 0.000000000e+000 6.683695293e-017 0.000000000e+000 0.000000000e+000 -1.389546890e-021 1.500000000e+000 1.500000000e+000 0.000000000e+000 
d 0.000000000e+000 0.000000000e+000 -2.339293353e-017 0.000000000e+000 0.000000000e+000 4.010217176e-017 0.000000000e+000 0.000000000e+000 -4.882536574e-021 3.000000000e+000 3.000000000e+000 0.000000000e+000 
d 0.000000000e+000 0.000000000e+000 -1.110507981e-005 5.000000000e-001 5.000000000e-001 1.110507983e-005 0.000000000e+000 0.000000000e+000 -2.398833068e-014 3.000000000e+000 3.000000000e+000 0.000000000e+000 
d 0.000000000e+000 0.000000000e+000 -1.902646435e-005 1.000000000e+000 1.000000000e+000 1.902646439e-005 0.000000000e+000 0.000000000e+000 -3.768560261e-014 3.000000000e+000 3.000000000e+000 0.000000000e+000 
d 0.000000000e+000 0.000000000e+000 -2.379880813e-005 1.500000000e+000 1.500000000e+000 2.379880817e-005 0.000000000e+000 0.000000000e+000 -4.764335441e-014 3.000000000e+000 3.000000000e+000 0.000000000e+000 
d 0.000000000e+000 0.000000000e+000 -2.597045457e-005 2.000000000e+000 2.000000000e+000 2.597045463e-005 0.000000000e+000 0.000000000e+000 -5.470889826e-014 3.000000000e+000 3.000000000e+000 0.000000000e+000 
d 0.000000000e+000 0.000000000e+000 -2.696404334e-005 2.500000000e+000 2.500000000e+000 2.696404340e-005 0.000000000e+000 0.000000000e+000 -5.999770987e-014 3.000000000e+000 3.000000000e+000 0.000000000e+000 
d 0.000000000e+000 0.000000000e+000 -2.767284337e-005 3.000000000e+000 3.000000000e+000 2.767284344e-005 0.000000000e+000 0.000000000e+000 -6.455480963e-014 3.000000000e+000 3.000000000e+000 0.000000000e+000 
d 0.000000000e+000 0.000000000e+000 -2.825346199e-005 3.500000000e+000 3.500000000e+000 2.825346206e-005 0.000000000e+000 0.000000000e+000 -6.867166896e-014 3.000000000e+000 3.000000000e+000 0.000000000e+000 
d 0.000000000e+000 0.000000000e+000 -2.876158327e-005 4.000000000e+000 4.000000000e+000 2.876158334e-005 0.000000000e+000 0.000000000e+000 -7.249045698e-014 3.000000000e+000 3.000000000e+000 0.000000000e+000 
d 0.000000000e+000 0.000000000e+000 -2.922237035e-005 4.500000000e+000 4.500000000e+000 2.922237042e-005 0.000000000e+000 0.000000000e+000 -7.613207611e-014 3.000000000e+000 3.000000000e+000 0.000000000e+000 
d 0.000000000e+000 0.000000000e+000 -2.964742119e-005 5.000000000e+000 5.000000000e+000 2.964742127e-005 0.000000000e+000 0.000000000e+000 -7.959941530e-014 3.000000000e+000 3.000000000e+000 0.000000000e+000 
d 0.000000000e+000 0.000000000e+000 -3.004418999e-005 5.500000000e+000 5.500000000e+000 3.004419008e-005 0.000000000e+000 0.000000000e+000 -8.288401299e-014 3.000000000e+000 3.000000000e+000 0.000000000e+000 
d 0.000000000e+000 0.000000000e+000 -3.041792979e-005 6.000000000e+000 6.000000000e+000 3.041792988e-005 0.000000000e+000 0.000000000e+000 -8.599192131e-014 3.000000000e+000 3.000000000e+000 0.000000000e+000 
d 0.000000000e+000 0.000000000e+000 -3.077250039e-005 6.500000000e+000 6.500000000e+000 3.077250047e-005 0.000000000e+000 0.000000000e+000 -8.894849386e-014 3.000000000e+000 3.000000000e+000 0.000000000e+000 
d 0.000000000e+000 0.000000000e+000 -3.111082181e-005 7.000000000e+000 7.000000000e+000 3.111082190e-005 0.000000000e+000 0.000000000e+000 -9.180614278e-014 3.000000000e+000 3.000000000e+000 0.000000000e+000 
d 0.000000000e+000 0.000000000e+000 -3.143515947e-005 7.500000000e+000 7.500000000e+000 3.143515956e-005 0.000000000e+000 0.000000000e+000 -9.456636285e-014 3.000000000e+000 3.000000000e+000 0.000000000e+000 
d 0.000000000e+000 0.000000000e+000 -3.174731120e-005 8.000000000e+000 8.000000000e+000 3.174731130e-005 0.000000000e+000 0.000000000e+000 -9.725040635e-014 3.000000000e+000 3.000000000e+000 0.000000000e+000 
d 0.000000000e+000 0.000000000e+000 -3.204873513e-005 8.500000000e+000 8.500000000e+000 3.204873524e-005 0.000000000e+000 0.000000000e+000 -9.986573797e-014 3.000000000e+000 3.000000000e+000 0.000000000e+000 
d 0.000000000e+000 0.000000000e+000 -3.234063681e-005 9.000000000e+000 9.000000000e+000 3.234063692e-005 0.000000000e+000 0.000000000e+000 -1.024080176e-013 3.000000000e+000 3.000000000e+000 0.000000000e+000 
d 0.000000000e+000 0.000000000e+000 -3.262402548e-005 9.500000000e+000 9.500000000e+000 3.262402558e-005 0.000000000e+000 0.000000000e+000 -1.048990176e-013 3.000000000e+000 3.000000000e+000 0.000000000e+000 
d 0.000000000e+000 0.000000000e+000 -3.289975191e-005 1.000000000e+001 1.000000000e+001 3.289975201e-005 0.000000000e+000 0.000000000e+000 -1.073415247e-013 3.000000000e+000 3.000000000e+000 0.000000000e+000 
