v ATLAS
# This file was created by ATLAS version 5.26.1.R on Thu Sep 17 12:59:13 2020.
#SSF 2.0 generic
##############################################################################
#                    Copyright (c) 1984 - 2018                               #
#                    Silvaco Inc. All rights reserved                        #
#                                                                            #
# This file format and the following Key are copyright Silvaco Inc.          #
# You may not use, this format or key without reproducing this message in    #
# full and obtaining express written permission from Silvaco Inc.            #
#                                                                            #
# To obtain such permission please contact: Silvaco Inc.                     #
#                                           support@silvaco.com              #
#                                                                            #
# KEY=SVC86hn7562asdx                       PROD=345                         #
##############################################################################
y 3 700 711 15
z 5 0.105263 300
f 4 "source" "drain" "bulk" "gate" 
p 12 2 601 20 3 602 21 4 603 22 5 604 23 
d 0.000000000e+000 0.000000000e+000 -3.994620423e-035 0.000000000e+000 0.000000000e+000 4.010217176e-017 0.000000000e+000 0.000000000e+000 3.166656720e-020 1.000000000e+000 1.000000000e+000 0.000000000e+000 
d 0.000000000e+000 0.000000000e+000 -2.351847759e-006 5.000000000e-001 5.000000000e-001 2.351847781e-006 0.000000000e+000 0.000000000e+000 -2.253444588e-014 1.000000000e+000 1.000000000e+000 0.000000000e+000 
d 0.000000000e+000 0.000000000e+000 -2.816178153e-006 1.000000000e+000 1.000000000e+000 2.816178184e-006 0.000000000e+000 0.000000000e+000 -3.173239295e-014 1.000000000e+000 1.000000000e+000 0.000000000e+000 
d 0.000000000e+000 0.000000000e+000 -2.979397336e-006 1.500000000e+000 1.500000000e+000 2.979397374e-006 0.000000000e+000 0.000000000e+000 -3.788743645e-014 1.000000000e+000 1.000000000e+000 0.000000000e+000 
d 0.000000000e+000 0.000000000e+000 -3.104069453e-006 2.000000000e+000 2.000000000e+000 3.104069494e-006 0.000000000e+000 0.000000000e+000 -4.315435290e-014 1.000000000e+000 1.000000000e+000 0.000000000e+000 
d 0.000000000e+000 0.000000000e+000 -3.209449634e-006 2.500000000e+000 2.500000000e+000 3.209449680e-006 0.000000000e+000 0.000000000e+000 -4.784010629e-014 1.000000000e+000 1.000000000e+000 0.000000000e+000 
d 0.000000000e+000 0.000000000e+000 -3.303847115e-006 3.000000000e+000 3.000000000e+000 3.303847166e-006 0.000000000e+000 0.000000000e+000 -5.208280283e-014 1.000000000e+000 1.000000000e+000 0.000000000e+000 
d 0.000000000e+000 0.000000000e+000 -3.391052332e-006 3.500000000e+000 3.500000000e+000 3.391052388e-006 0.000000000e+000 0.000000000e+000 -5.603089605e-014 1.000000000e+000 1.000000000e+000 0.000000000e+000 
d 0.000000000e+000 0.000000000e+000 -3.472928927e-006 4.000000000e+000 4.000000000e+000 3.472928986e-006 0.000000000e+000 0.000000000e+000 -5.975045758e-014 1.000000000e+000 1.000000000e+000 0.000000000e+000 
d 0.000000000e+000 0.000000000e+000 -3.550667389e-006 4.500000000e+000 4.500000000e+000 3.550667449e-006 0.000000000e+000 0.000000000e+000 -6.330670338e-014 1.000000000e+000 1.000000000e+000 0.000000000e+000 
d 0.000000000e+000 0.000000000e+000 -3.625104023e-006 5.000000000e+000 5.000000000e+000 3.625104091e-006 0.000000000e+000 0.000000000e+000 -6.670313003e-014 1.000000000e+000 1.000000000e+000 0.000000000e+000 
d 0.000000000e+000 0.000000000e+000 -3.696853035e-006 5.500000000e+000 5.500000000e+000 3.696853105e-006 0.000000000e+000 0.000000000e+000 -6.993627376e-014 1.000000000e+000 1.000000000e+000 0.000000000e+000 
d 0.000000000e+000 0.000000000e+000 -3.766378632e-006 6.000000000e+000 6.000000000e+000 3.766378708e-006 0.000000000e+000 0.000000000e+000 -7.301997314e-014 1.000000000e+000 1.000000000e+000 0.000000000e+000 
d 0.000000000e+000 0.000000000e+000 -3.834039366e-006 6.500000000e+000 6.500000000e+000 3.834039444e-006 0.000000000e+000 0.000000000e+000 -7.599183369e-014 1.000000000e+000 1.000000000e+000 0.000000000e+000 
d 0.000000000e+000 0.000000000e+000 -3.900117679e-006 7.000000000e+000 7.000000000e+000 3.900117762e-006 0.000000000e+000 0.000000000e+000 -7.887972202e-014 1.000000000e+000 1.000000000e+000 0.000000000e+000 
d 0.000000000e+000 0.000000000e+000 -3.964840309e-006 7.500000000e+000 7.500000000e+000 3.964840391e-006 0.000000000e+000 0.000000000e+000 -8.169174551e-014 1.000000000e+000 1.000000000e+000 0.000000000e+000 
d 0.000000000e+000 0.000000000e+000 -4.028392536e-006 8.000000000e+000 8.000000000e+000 4.028392626e-006 0.000000000e+000 0.000000000e+000 -8.443989557e-014 1.000000000e+000 1.000000000e+000 0.000000000e+000 
d 0.000000000e+000 0.000000000e+000 -4.090928206e-006 8.500000000e+000 8.500000000e+000 4.090928292e-006 0.000000000e+000 0.000000000e+000 -8.712820402e-014 1.000000000e+000 1.000000000e+000 0.000000000e+000 
d 0.000000000e+000 0.000000000e+000 -4.152576838e-006 9.000000000e+000 9.000000000e+000 4.152576931e-006 0.000000000e+000 0.000000000e+000 -8.976094040e-014 1.000000000e+000 1.000000000e+000 0.000000000e+000 
d 0.000000000e+000 0.000000000e+000 -4.213448750e-006 9.500000000e+000 9.500000000e+000 4.213448837e-006 0.000000000e+000 0.000000000e+000 -9.234965346e-014 1.000000000e+000 1.000000000e+000 0.000000000e+000 
d 0.000000000e+000 0.000000000e+000 -4.273638846e-006 1.000000000e+001 1.000000000e+001 4.273638938e-006 0.000000000e+000 0.000000000e+000 -9.489745691e-014 1.000000000e+000 1.000000000e+000 0.000000000e+000 
